[2020-10-05 09:47:55] local.ERROR: Uncaught Error: Class 'Arr' not found in Command line code:1
Stack trace:
#0 {main}
  thrown {"exception":"[object] (Symfony\\Component\\Debug\\Exception\\FatalErrorException(code: 1): Uncaught Error: Class 'Arr' not found in Command line code:1
Stack trace:
#0 {main}
  thrown at Command line code:1)
[stacktrace]
#0 {main}
"} 
[2020-10-05 09:48:55] local.ERROR: Uncaught Error: Class 'Arr' not found in Command line code:1
Stack trace:
#0 {main}
  thrown {"exception":"[object] (Symfony\\Component\\Debug\\Exception\\FatalErrorException(code: 1): Uncaught Error: Class 'Arr' not found in Command line code:1
Stack trace:
#0 {main}
  thrown at Command line code:1)
[stacktrace]
#0 {main}
"} 
[2020-10-05 09:49:55] local.ERROR: Uncaught Error: Class 'Arr' not found in Command line code:1
Stack trace:
#0 {main}
  thrown {"exception":"[object] (Symfony\\Component\\Debug\\Exception\\FatalErrorException(code: 1): Uncaught Error: Class 'Arr' not found in Command line code:1
Stack trace:
#0 {main}
  thrown at Command line code:1)
[stacktrace]
#0 {main}
"} 
[2020-10-05 09:50:55] local.ERROR: Uncaught Error: Class 'Arr' not found in Command line code:1
Stack trace:
#0 {main}
  thrown {"exception":"[object] (Symfony\\Component\\Debug\\Exception\\FatalErrorException(code: 1): Uncaught Error: Class 'Arr' not found in Command line code:1
Stack trace:
#0 {main}
  thrown at Command line code:1)
[stacktrace]
#0 {main}
"} 
[2020-10-05 09:51:55] local.ERROR: Uncaught Error: Class 'Arr' not found in Command line code:1
Stack trace:
#0 {main}
  thrown {"exception":"[object] (Symfony\\Component\\Debug\\Exception\\FatalErrorException(code: 1): Uncaught Error: Class 'Arr' not found in Command line code:1
Stack trace:
#0 {main}
  thrown at Command line code:1)
[stacktrace]
#0 {main}
"} 
[2020-10-05 09:52:55] local.ERROR: Uncaught Error: Class 'Arr' not found in Command line code:1
Stack trace:
#0 {main}
  thrown {"exception":"[object] (Symfony\\Component\\Debug\\Exception\\FatalErrorException(code: 1): Uncaught Error: Class 'Arr' not found in Command line code:1
Stack trace:
#0 {main}
  thrown at Command line code:1)
[stacktrace]
#0 {main}
"} 
[2020-10-05 09:53:55] local.ERROR: Uncaught Error: Class 'Arr' not found in Command line code:1
Stack trace:
#0 {main}
  thrown {"exception":"[object] (Symfony\\Component\\Debug\\Exception\\FatalErrorException(code: 1): Uncaught Error: Class 'Arr' not found in Command line code:1
Stack trace:
#0 {main}
  thrown at Command line code:1)
[stacktrace]
#0 {main}
"} 
[2020-10-05 09:54:55] local.ERROR: Uncaught Error: Class 'Arr' not found in Command line code:1
Stack trace:
#0 {main}
  thrown {"exception":"[object] (Symfony\\Component\\Debug\\Exception\\FatalErrorException(code: 1): Uncaught Error: Class 'Arr' not found in Command line code:1
Stack trace:
#0 {main}
  thrown at Command line code:1)
[stacktrace]
#0 {main}
"} 
[2020-10-05 09:55:55] local.ERROR: Uncaught Error: Class 'Arr' not found in Command line code:1
Stack trace:
#0 {main}
  thrown {"exception":"[object] (Symfony\\Component\\Debug\\Exception\\FatalErrorException(code: 1): Uncaught Error: Class 'Arr' not found in Command line code:1
Stack trace:
#0 {main}
  thrown at Command line code:1)
[stacktrace]
#0 {main}
"} 
[2020-10-05 09:56:55] local.ERROR: Uncaught Error: Class 'Arr' not found in Command line code:1
Stack trace:
#0 {main}
  thrown {"exception":"[object] (Symfony\\Component\\Debug\\Exception\\FatalErrorException(code: 1): Uncaught Error: Class 'Arr' not found in Command line code:1
Stack trace:
#0 {main}
  thrown at Command line code:1)
[stacktrace]
#0 {main}
"} 
[2020-10-05 09:57:55] local.ERROR: Uncaught Error: Class 'Arr' not found in Command line code:1
Stack trace:
#0 {main}
  thrown {"exception":"[object] (Symfony\\Component\\Debug\\Exception\\FatalErrorException(code: 1): Uncaught Error: Class 'Arr' not found in Command line code:1
Stack trace:
#0 {main}
  thrown at Command line code:1)
[stacktrace]
#0 {main}
"} 
[2020-10-05 09:58:55] local.ERROR: Uncaught Error: Class 'Arr' not found in Command line code:1
Stack trace:
#0 {main}
  thrown {"exception":"[object] (Symfony\\Component\\Debug\\Exception\\FatalErrorException(code: 1): Uncaught Error: Class 'Arr' not found in Command line code:1
Stack trace:
#0 {main}
  thrown at Command line code:1)
[stacktrace]
#0 {main}
"} 
[2020-10-05 09:59:55] local.ERROR: Uncaught Error: Class 'Arr' not found in Command line code:1
Stack trace:
#0 {main}
  thrown {"exception":"[object] (Symfony\\Component\\Debug\\Exception\\FatalErrorException(code: 1): Uncaught Error: Class 'Arr' not found in Command line code:1
Stack trace:
#0 {main}
  thrown at Command line code:1)
[stacktrace]
#0 {main}
"} 
[2020-10-05 10:00:55] local.ERROR: Uncaught Error: Class 'Arr' not found in Command line code:1
Stack trace:
#0 {main}
  thrown {"exception":"[object] (Symfony\\Component\\Debug\\Exception\\FatalErrorException(code: 1): Uncaught Error: Class 'Arr' not found in Command line code:1
Stack trace:
#0 {main}
  thrown at Command line code:1)
[stacktrace]
#0 {main}
"} 
[2020-10-05 10:01:55] local.ERROR: Uncaught Error: Class 'Arr' not found in Command line code:1
Stack trace:
#0 {main}
  thrown {"exception":"[object] (Symfony\\Component\\Debug\\Exception\\FatalErrorException(code: 1): Uncaught Error: Class 'Arr' not found in Command line code:1
Stack trace:
#0 {main}
  thrown at Command line code:1)
[stacktrace]
#0 {main}
"} 
[2020-10-05 10:02:55] local.ERROR: Uncaught Error: Class 'Arr' not found in Command line code:1
Stack trace:
#0 {main}
  thrown {"exception":"[object] (Symfony\\Component\\Debug\\Exception\\FatalErrorException(code: 1): Uncaught Error: Class 'Arr' not found in Command line code:1
Stack trace:
#0 {main}
  thrown at Command line code:1)
[stacktrace]
#0 {main}
"} 
[2020-10-05 10:03:55] local.ERROR: Uncaught Error: Class 'Arr' not found in Command line code:1
Stack trace:
#0 {main}
  thrown {"exception":"[object] (Symfony\\Component\\Debug\\Exception\\FatalErrorException(code: 1): Uncaught Error: Class 'Arr' not found in Command line code:1
Stack trace:
#0 {main}
  thrown at Command line code:1)
[stacktrace]
#0 {main}
"} 
[2020-10-05 10:04:55] local.ERROR: Uncaught Error: Class 'Arr' not found in Command line code:1
Stack trace:
#0 {main}
  thrown {"exception":"[object] (Symfony\\Component\\Debug\\Exception\\FatalErrorException(code: 1): Uncaught Error: Class 'Arr' not found in Command line code:1
Stack trace:
#0 {main}
  thrown at Command line code:1)
[stacktrace]
#0 {main}
"} 
[2020-10-05 10:05:55] local.ERROR: Uncaught Error: Class 'Arr' not found in Command line code:1
Stack trace:
#0 {main}
  thrown {"exception":"[object] (Symfony\\Component\\Debug\\Exception\\FatalErrorException(code: 1): Uncaught Error: Class 'Arr' not found in Command line code:1
Stack trace:
#0 {main}
  thrown at Command line code:1)
[stacktrace]
#0 {main}
"} 
[2020-10-05 10:06:55] local.ERROR: Uncaught Error: Class 'Arr' not found in Command line code:1
Stack trace:
#0 {main}
  thrown {"exception":"[object] (Symfony\\Component\\Debug\\Exception\\FatalErrorException(code: 1): Uncaught Error: Class 'Arr' not found in Command line code:1
Stack trace:
#0 {main}
  thrown at Command line code:1)
[stacktrace]
#0 {main}
"} 
[2020-10-05 10:07:55] local.ERROR: Uncaught Error: Class 'Arr' not found in Command line code:1
Stack trace:
#0 {main}
  thrown {"exception":"[object] (Symfony\\Component\\Debug\\Exception\\FatalErrorException(code: 1): Uncaught Error: Class 'Arr' not found in Command line code:1
Stack trace:
#0 {main}
  thrown at Command line code:1)
[stacktrace]
#0 {main}
"} 
[2020-10-05 10:08:55] local.ERROR: Uncaught Error: Class 'Arr' not found in Command line code:1
Stack trace:
#0 {main}
  thrown {"exception":"[object] (Symfony\\Component\\Debug\\Exception\\FatalErrorException(code: 1): Uncaught Error: Class 'Arr' not found in Command line code:1
Stack trace:
#0 {main}
  thrown at Command line code:1)
[stacktrace]
#0 {main}
"} 
[2020-10-05 10:09:55] local.ERROR: Uncaught Error: Class 'Arr' not found in Command line code:1
Stack trace:
#0 {main}
  thrown {"exception":"[object] (Symfony\\Component\\Debug\\Exception\\FatalErrorException(code: 1): Uncaught Error: Class 'Arr' not found in Command line code:1
Stack trace:
#0 {main}
  thrown at Command line code:1)
[stacktrace]
#0 {main}
"} 
[2020-10-05 10:10:55] local.ERROR: Uncaught Error: Class 'Arr' not found in Command line code:1
Stack trace:
#0 {main}
  thrown {"exception":"[object] (Symfony\\Component\\Debug\\Exception\\FatalErrorException(code: 1): Uncaught Error: Class 'Arr' not found in Command line code:1
Stack trace:
#0 {main}
  thrown at Command line code:1)
[stacktrace]
#0 {main}
"} 
[2020-10-05 10:11:55] local.ERROR: Uncaught Error: Class 'Arr' not found in Command line code:1
Stack trace:
#0 {main}
  thrown {"exception":"[object] (Symfony\\Component\\Debug\\Exception\\FatalErrorException(code: 1): Uncaught Error: Class 'Arr' not found in Command line code:1
Stack trace:
#0 {main}
  thrown at Command line code:1)
[stacktrace]
#0 {main}
"} 
[2020-10-05 10:12:55] local.ERROR: Uncaught Error: Class 'Arr' not found in Command line code:1
Stack trace:
#0 {main}
  thrown {"exception":"[object] (Symfony\\Component\\Debug\\Exception\\FatalErrorException(code: 1): Uncaught Error: Class 'Arr' not found in Command line code:1
Stack trace:
#0 {main}
  thrown at Command line code:1)
[stacktrace]
#0 {main}
"} 
[2020-10-05 10:13:55] local.ERROR: Uncaught Error: Class 'Arr' not found in Command line code:1
Stack trace:
#0 {main}
  thrown {"exception":"[object] (Symfony\\Component\\Debug\\Exception\\FatalErrorException(code: 1): Uncaught Error: Class 'Arr' not found in Command line code:1
Stack trace:
#0 {main}
  thrown at Command line code:1)
[stacktrace]
#0 {main}
"} 
[2020-10-05 10:14:55] local.ERROR: Uncaught Error: Class 'Arr' not found in Command line code:1
Stack trace:
#0 {main}
  thrown {"exception":"[object] (Symfony\\Component\\Debug\\Exception\\FatalErrorException(code: 1): Uncaught Error: Class 'Arr' not found in Command line code:1
Stack trace:
#0 {main}
  thrown at Command line code:1)
[stacktrace]
#0 {main}
"} 
[2020-10-05 10:15:55] local.ERROR: Uncaught Error: Class 'Arr' not found in Command line code:1
Stack trace:
#0 {main}
  thrown {"exception":"[object] (Symfony\\Component\\Debug\\Exception\\FatalErrorException(code: 1): Uncaught Error: Class 'Arr' not found in Command line code:1
Stack trace:
#0 {main}
  thrown at Command line code:1)
[stacktrace]
#0 {main}
"} 
[2020-10-05 10:16:55] local.ERROR: Uncaught Error: Class 'Arr' not found in Command line code:1
Stack trace:
#0 {main}
  thrown {"exception":"[object] (Symfony\\Component\\Debug\\Exception\\FatalErrorException(code: 1): Uncaught Error: Class 'Arr' not found in Command line code:1
Stack trace:
#0 {main}
  thrown at Command line code:1)
[stacktrace]
#0 {main}
"} 
[2020-10-05 10:17:55] local.ERROR: Uncaught Error: Class 'Arr' not found in Command line code:1
Stack trace:
#0 {main}
  thrown {"exception":"[object] (Symfony\\Component\\Debug\\Exception\\FatalErrorException(code: 1): Uncaught Error: Class 'Arr' not found in Command line code:1
Stack trace:
#0 {main}
  thrown at Command line code:1)
[stacktrace]
#0 {main}
"} 
[2020-10-05 10:18:55] local.ERROR: Uncaught Error: Class 'Arr' not found in Command line code:1
Stack trace:
#0 {main}
  thrown {"exception":"[object] (Symfony\\Component\\Debug\\Exception\\FatalErrorException(code: 1): Uncaught Error: Class 'Arr' not found in Command line code:1
Stack trace:
#0 {main}
  thrown at Command line code:1)
[stacktrace]
#0 {main}
"} 
[2020-10-05 10:19:55] local.ERROR: Uncaught Error: Class 'Arr' not found in Command line code:1
Stack trace:
#0 {main}
  thrown {"exception":"[object] (Symfony\\Component\\Debug\\Exception\\FatalErrorException(code: 1): Uncaught Error: Class 'Arr' not found in Command line code:1
Stack trace:
#0 {main}
  thrown at Command line code:1)
[stacktrace]
#0 {main}
"} 
[2020-10-05 10:20:55] local.ERROR: Uncaught Error: Class 'Arr' not found in Command line code:1
Stack trace:
#0 {main}
  thrown {"exception":"[object] (Symfony\\Component\\Debug\\Exception\\FatalErrorException(code: 1): Uncaught Error: Class 'Arr' not found in Command line code:1
Stack trace:
#0 {main}
  thrown at Command line code:1)
[stacktrace]
#0 {main}
"} 
[2020-10-05 10:21:55] local.ERROR: Uncaught Error: Class 'Arr' not found in Command line code:1
Stack trace:
#0 {main}
  thrown {"exception":"[object] (Symfony\\Component\\Debug\\Exception\\FatalErrorException(code: 1): Uncaught Error: Class 'Arr' not found in Command line code:1
Stack trace:
#0 {main}
  thrown at Command line code:1)
[stacktrace]
#0 {main}
"} 
[2020-10-05 10:22:55] local.ERROR: Uncaught Error: Class 'Arr' not found in Command line code:1
Stack trace:
#0 {main}
  thrown {"exception":"[object] (Symfony\\Component\\Debug\\Exception\\FatalErrorException(code: 1): Uncaught Error: Class 'Arr' not found in Command line code:1
Stack trace:
#0 {main}
  thrown at Command line code:1)
[stacktrace]
#0 {main}
"} 
[2020-10-05 10:23:55] local.ERROR: Uncaught Error: Class 'Arr' not found in Command line code:1
Stack trace:
#0 {main}
  thrown {"exception":"[object] (Symfony\\Component\\Debug\\Exception\\FatalErrorException(code: 1): Uncaught Error: Class 'Arr' not found in Command line code:1
Stack trace:
#0 {main}
  thrown at Command line code:1)
[stacktrace]
#0 {main}
"} 
[2020-10-05 10:24:55] local.ERROR: Uncaught Error: Class 'Arr' not found in Command line code:1
Stack trace:
#0 {main}
  thrown {"exception":"[object] (Symfony\\Component\\Debug\\Exception\\FatalErrorException(code: 1): Uncaught Error: Class 'Arr' not found in Command line code:1
Stack trace:
#0 {main}
  thrown at Command line code:1)
[stacktrace]
#0 {main}
"} 
[2020-10-05 10:25:55] local.ERROR: Uncaught Error: Class 'Arr' not found in Command line code:1
Stack trace:
#0 {main}
  thrown {"exception":"[object] (Symfony\\Component\\Debug\\Exception\\FatalErrorException(code: 1): Uncaught Error: Class 'Arr' not found in Command line code:1
Stack trace:
#0 {main}
  thrown at Command line code:1)
[stacktrace]
#0 {main}
"} 
[2020-10-05 10:26:55] local.ERROR: Uncaught Error: Class 'Arr' not found in Command line code:1
Stack trace:
#0 {main}
  thrown {"exception":"[object] (Symfony\\Component\\Debug\\Exception\\FatalErrorException(code: 1): Uncaught Error: Class 'Arr' not found in Command line code:1
Stack trace:
#0 {main}
  thrown at Command line code:1)
[stacktrace]
#0 {main}
"} 
[2020-10-05 10:27:55] local.ERROR: Uncaught Error: Class 'Arr' not found in Command line code:1
Stack trace:
#0 {main}
  thrown {"exception":"[object] (Symfony\\Component\\Debug\\Exception\\FatalErrorException(code: 1): Uncaught Error: Class 'Arr' not found in Command line code:1
Stack trace:
#0 {main}
  thrown at Command line code:1)
[stacktrace]
#0 {main}
"} 
[2020-10-05 10:28:55] local.ERROR: Uncaught Error: Class 'Arr' not found in Command line code:1
Stack trace:
#0 {main}
  thrown {"exception":"[object] (Symfony\\Component\\Debug\\Exception\\FatalErrorException(code: 1): Uncaught Error: Class 'Arr' not found in Command line code:1
Stack trace:
#0 {main}
  thrown at Command line code:1)
[stacktrace]
#0 {main}
"} 
[2020-10-05 10:29:55] local.ERROR: Uncaught Error: Class 'Arr' not found in Command line code:1
Stack trace:
#0 {main}
  thrown {"exception":"[object] (Symfony\\Component\\Debug\\Exception\\FatalErrorException(code: 1): Uncaught Error: Class 'Arr' not found in Command line code:1
Stack trace:
#0 {main}
  thrown at Command line code:1)
[stacktrace]
#0 {main}
"} 
[2020-10-05 10:30:55] local.ERROR: Uncaught Error: Class 'Arr' not found in Command line code:1
Stack trace:
#0 {main}
  thrown {"exception":"[object] (Symfony\\Component\\Debug\\Exception\\FatalErrorException(code: 1): Uncaught Error: Class 'Arr' not found in Command line code:1
Stack trace:
#0 {main}
  thrown at Command line code:1)
[stacktrace]
#0 {main}
"} 
[2020-10-05 10:31:55] local.ERROR: Uncaught Error: Class 'Arr' not found in Command line code:1
Stack trace:
#0 {main}
  thrown {"exception":"[object] (Symfony\\Component\\Debug\\Exception\\FatalErrorException(code: 1): Uncaught Error: Class 'Arr' not found in Command line code:1
Stack trace:
#0 {main}
  thrown at Command line code:1)
[stacktrace]
#0 {main}
"} 
[2020-10-05 10:32:55] local.ERROR: Uncaught Error: Class 'Arr' not found in Command line code:1
Stack trace:
#0 {main}
  thrown {"exception":"[object] (Symfony\\Component\\Debug\\Exception\\FatalErrorException(code: 1): Uncaught Error: Class 'Arr' not found in Command line code:1
Stack trace:
#0 {main}
  thrown at Command line code:1)
[stacktrace]
#0 {main}
"} 
[2020-10-05 10:33:55] local.ERROR: proc_open(): fork failed - Resource temporarily unavailable {"exception":"[object] (ErrorException(code: 0): proc_open(): fork failed - Resource temporarily unavailable at /Applications/MAMP/htdocs/meterapi/vendor/symfony/console/Terminal.php:162)
[stacktrace]
#0 [internal function]: Illuminate\\Foundation\\Bootstrap\\HandleExceptions->handleError(2, 'proc_open(): fo...', '/Applications/M...', 162, Array)
#1 /Applications/MAMP/htdocs/meterapi/vendor/symfony/console/Terminal.php(162): proc_open('stty -a | grep ...', Array, NULL, NULL, NULL, Array)
#2 /Applications/MAMP/htdocs/meterapi/vendor/symfony/console/Terminal.php(148): Symfony\\Component\\Console\\Terminal::readFromProcess('stty -a | grep ...')
#3 /Applications/MAMP/htdocs/meterapi/vendor/symfony/console/Terminal.php(114): Symfony\\Component\\Console\\Terminal::getSttyColumns()
#4 /Applications/MAMP/htdocs/meterapi/vendor/symfony/console/Terminal.php(97): Symfony\\Component\\Console\\Terminal::initDimensionsUsingStty()
#5 /Applications/MAMP/htdocs/meterapi/vendor/symfony/console/Terminal.php(52): Symfony\\Component\\Console\\Terminal::initDimensions()
#6 /Applications/MAMP/htdocs/meterapi/vendor/symfony/console/Application.php(117): Symfony\\Component\\Console\\Terminal->getHeight()
#7 /Applications/MAMP/htdocs/meterapi/vendor/laravel/framework/src/Illuminate/Console/Application.php(90): Symfony\\Component\\Console\\Application->run(Object(Symfony\\Component\\Console\\Input\\ArgvInput), Object(Symfony\\Component\\Console\\Output\\ConsoleOutput))
#8 /Applications/MAMP/htdocs/meterapi/vendor/laravel/framework/src/Illuminate/Foundation/Console/Kernel.php(131): Illuminate\\Console\\Application->run(Object(Symfony\\Component\\Console\\Input\\ArgvInput), Object(Symfony\\Component\\Console\\Output\\ConsoleOutput))
#9 Command line code(1): Illuminate\\Foundation\\Console\\Kernel->handle(Object(Symfony\\Component\\Console\\Input\\ArgvInput), Object(Symfony\\Component\\Console\\Output\\ConsoleOutput))
#10 {main}
"} 
[2020-10-05 10:33:55] local.ERROR: Uncaught Error: Class 'Arr' not found in Command line code:1
Stack trace:
#0 {main}
  thrown {"exception":"[object] (Symfony\\Component\\Debug\\Exception\\FatalErrorException(code: 1): Uncaught Error: Class 'Arr' not found in Command line code:1
Stack trace:
#0 {main}
  thrown at Command line code:1)
[stacktrace]
#0 {main}
"} 
[2020-10-05 10:35:55] local.ERROR: proc_open(): fork failed - Resource temporarily unavailable {"exception":"[object] (ErrorException(code: 0): proc_open(): fork failed - Resource temporarily unavailable at /Applications/MAMP/htdocs/meterapi/vendor/symfony/console/Terminal.php:162)
[stacktrace]
#0 [internal function]: Illuminate\\Foundation\\Bootstrap\\HandleExceptions->handleError(2, 'proc_open(): fo...', '/Applications/M...', 162, Array)
#1 /Applications/MAMP/htdocs/meterapi/vendor/symfony/console/Terminal.php(162): proc_open('stty -a | grep ...', Array, NULL, NULL, NULL, Array)
#2 /Applications/MAMP/htdocs/meterapi/vendor/symfony/console/Terminal.php(148): Symfony\\Component\\Console\\Terminal::readFromProcess('stty -a | grep ...')
#3 /Applications/MAMP/htdocs/meterapi/vendor/symfony/console/Terminal.php(114): Symfony\\Component\\Console\\Terminal::getSttyColumns()
#4 /Applications/MAMP/htdocs/meterapi/vendor/symfony/console/Terminal.php(97): Symfony\\Component\\Console\\Terminal::initDimensionsUsingStty()
#5 /Applications/MAMP/htdocs/meterapi/vendor/symfony/console/Terminal.php(52): Symfony\\Component\\Console\\Terminal::initDimensions()
#6 /Applications/MAMP/htdocs/meterapi/vendor/symfony/console/Application.php(117): Symfony\\Component\\Console\\Terminal->getHeight()
#7 /Applications/MAMP/htdocs/meterapi/vendor/laravel/framework/src/Illuminate/Console/Application.php(90): Symfony\\Component\\Console\\Application->run(Object(Symfony\\Component\\Console\\Input\\ArgvInput), Object(Symfony\\Component\\Console\\Output\\ConsoleOutput))
#8 /Applications/MAMP/htdocs/meterapi/vendor/laravel/framework/src/Illuminate/Foundation/Console/Kernel.php(131): Illuminate\\Console\\Application->run(Object(Symfony\\Component\\Console\\Input\\ArgvInput), Object(Symfony\\Component\\Console\\Output\\ConsoleOutput))
#9 Command line code(1): Illuminate\\Foundation\\Console\\Kernel->handle(Object(Symfony\\Component\\Console\\Input\\ArgvInput), Object(Symfony\\Component\\Console\\Output\\ConsoleOutput))
#10 {main}
"} 
[2020-10-05 10:35:55] local.ERROR: proc_open(): fork failed - Resource temporarily unavailable {"exception":"[object] (ErrorException(code: 0): proc_open(): fork failed - Resource temporarily unavailable at /Applications/MAMP/htdocs/meterapi/vendor/symfony/console/Terminal.php:162)
[stacktrace]
#0 [internal function]: Illuminate\\Foundation\\Bootstrap\\HandleExceptions->handleError(2, 'proc_open(): fo...', '/Applications/M...', 162, Array)
#1 /Applications/MAMP/htdocs/meterapi/vendor/symfony/console/Terminal.php(162): proc_open('stty -a | grep ...', Array, NULL, NULL, NULL, Array)
#2 /Applications/MAMP/htdocs/meterapi/vendor/symfony/console/Terminal.php(148): Symfony\\Component\\Console\\Terminal::readFromProcess('stty -a | grep ...')
#3 /Applications/MAMP/htdocs/meterapi/vendor/symfony/console/Terminal.php(114): Symfony\\Component\\Console\\Terminal::getSttyColumns()
#4 /Applications/MAMP/htdocs/meterapi/vendor/symfony/console/Terminal.php(97): Symfony\\Component\\Console\\Terminal::initDimensionsUsingStty()
#5 /Applications/MAMP/htdocs/meterapi/vendor/symfony/console/Terminal.php(52): Symfony\\Component\\Console\\Terminal::initDimensions()
#6 /Applications/MAMP/htdocs/meterapi/vendor/symfony/console/Application.php(117): Symfony\\Component\\Console\\Terminal->getHeight()
#7 /Applications/MAMP/htdocs/meterapi/vendor/laravel/framework/src/Illuminate/Console/Application.php(90): Symfony\\Component\\Console\\Application->run(Object(Symfony\\Component\\Console\\Input\\ArgvInput), Object(Symfony\\Component\\Console\\Output\\ConsoleOutput))
#8 /Applications/MAMP/htdocs/meterapi/vendor/laravel/framework/src/Illuminate/Foundation/Console/Kernel.php(131): Illuminate\\Console\\Application->run(Object(Symfony\\Component\\Console\\Input\\ArgvInput), Object(Symfony\\Component\\Console\\Output\\ConsoleOutput))
#9 Command line code(1): Illuminate\\Foundation\\Console\\Kernel->handle(Object(Symfony\\Component\\Console\\Input\\ArgvInput), Object(Symfony\\Component\\Console\\Output\\ConsoleOutput))
#10 {main}
"} 
[2020-10-05 10:35:55] local.ERROR: Uncaught Error: Class 'Arr' not found in Command line code:1
Stack trace:
#0 {main}
  thrown {"exception":"[object] (Symfony\\Component\\Debug\\Exception\\FatalErrorException(code: 1): Uncaught Error: Class 'Arr' not found in Command line code:1
Stack trace:
#0 {main}
  thrown at Command line code:1)
[stacktrace]
#0 {main}
"} 
[2020-10-05 10:48:55] local.ERROR: Uncaught Error: Class 'Arr' not found in Command line code:1
Stack trace:
#0 {main}
  thrown {"exception":"[object] (Symfony\\Component\\Debug\\Exception\\FatalErrorException(code: 1): Uncaught Error: Class 'Arr' not found in Command line code:1
Stack trace:
#0 {main}
  thrown at Command line code:1)
[stacktrace]
#0 {main}
"} 
[2020-10-05 10:49:55] local.ERROR: proc_open(): fork failed - Resource temporarily unavailable {"exception":"[object] (ErrorException(code: 0): proc_open(): fork failed - Resource temporarily unavailable at /Applications/MAMP/htdocs/meterapi/vendor/symfony/console/Terminal.php:162)
[stacktrace]
#0 [internal function]: Illuminate\\Foundation\\Bootstrap\\HandleExceptions->handleError(2, 'proc_open(): fo...', '/Applications/M...', 162, Array)
#1 /Applications/MAMP/htdocs/meterapi/vendor/symfony/console/Terminal.php(162): proc_open('stty -a | grep ...', Array, NULL, NULL, NULL, Array)
#2 /Applications/MAMP/htdocs/meterapi/vendor/symfony/console/Terminal.php(148): Symfony\\Component\\Console\\Terminal::readFromProcess('stty -a | grep ...')
#3 /Applications/MAMP/htdocs/meterapi/vendor/symfony/console/Terminal.php(114): Symfony\\Component\\Console\\Terminal::getSttyColumns()
#4 /Applications/MAMP/htdocs/meterapi/vendor/symfony/console/Terminal.php(97): Symfony\\Component\\Console\\Terminal::initDimensionsUsingStty()
#5 /Applications/MAMP/htdocs/meterapi/vendor/symfony/console/Terminal.php(52): Symfony\\Component\\Console\\Terminal::initDimensions()
#6 /Applications/MAMP/htdocs/meterapi/vendor/symfony/console/Application.php(117): Symfony\\Component\\Console\\Terminal->getHeight()
#7 /Applications/MAMP/htdocs/meterapi/vendor/laravel/framework/src/Illuminate/Console/Application.php(90): Symfony\\Component\\Console\\Application->run(Object(Symfony\\Component\\Console\\Input\\ArgvInput), Object(Symfony\\Component\\Console\\Output\\ConsoleOutput))
#8 /Applications/MAMP/htdocs/meterapi/vendor/laravel/framework/src/Illuminate/Foundation/Console/Kernel.php(131): Illuminate\\Console\\Application->run(Object(Symfony\\Component\\Console\\Input\\ArgvInput), Object(Symfony\\Component\\Console\\Output\\ConsoleOutput))
#9 Command line code(1): Illuminate\\Foundation\\Console\\Kernel->handle(Object(Symfony\\Component\\Console\\Input\\ArgvInput), Object(Symfony\\Component\\Console\\Output\\ConsoleOutput))
#10 {main}
"} 
